sample/build/outputs/logs/manifest-merger-debug-report.txt
-- Merging decision tree log ---
manifest
ADDED from AndroidManifest.xml:19:1
	package
		ADDED from AndroidManifest.xml:21:9
	android:versionName
		INJECTED from AndroidManifest.xml:0:0
		INJECTED from AndroidManifest.xml:0:0
	xmlns:android
		ADDED from AndroidManifest.xml:20:3
	android:versionCode
		INJECTED from AndroidManifest.xml:0:0
		INJECTED from AndroidManifest.xml:0:0
application
ADDED from AndroidManifest.xml:24:2
MERGED from com.android.support:appcompat-v7:21.0.3:16:5
MERGED from com.android.support:support-v4:21.0.3:16:5
	android:label
		ADDED from AndroidManifest.xml:26:4
	android:allowBackup
		ADDED from AndroidManifest.xml:25:4
	android:icon
		ADDED from AndroidManifest.xml:27:10
activity#com.software.shell.fabsample.FABActivity
ADDED from AndroidManifest.xml:29:3
	android:screenOrientation
		ADDED from AndroidManifest.xml:31:11
	android:theme
		ADDED from AndroidManifest.xml:32:11
	android:name
		ADDED from AndroidManifest.xml:30:5
intent-filter#android.intent.action.MAIN+android.intent.category.LAUNCHER
ADDED from AndroidManifest.xml:34:4
action#android.intent.action.MAIN
ADDED from AndroidManifest.xml:35:5
	android:name
		ADDED from AndroidManifest.xml:35:13
category#android.intent.category.LAUNCHER
ADDED from AndroidManifest.xml:36:5
	android:name
		ADDED from AndroidManifest.xml:36:15
uses-sdk
INJECTED from AndroidManifest.xml:0:0 reason: use-sdk injection requested
MERGED from com.android.support:appcompat-v7:21.0.3:15:5
MERGED from com.android.support:support-v4:21.0.3:15:5
MERGED from com.github.shell-software:fab:1.1.2:25:5
MERGED from com.github.shell-software:viewmover:1.1.0:25:5
MERGED from com.github.shell-software:uitools:1.1.0:25:5
MERGED from com.github.shell-software:uitools:1.1.0:25:5
	android:targetSdkVersion
		INJECTED from AndroidManifest.xml:0:0
		INJECTED from AndroidManifest.xml:0:0
	android:minSdkVersion
		INJECTED from AndroidManifest.xml:0:0
		INJECTED from AndroidManifest.xml:0:0